[2025-06-14 15:16:53] [Render thread/INFO] [CustomSkinLoader Core]: CustomSkinLoader 14.23
[2025-06-14 15:16:53] [Render thread/INFO] [CustomSkinLoader Core]: DataDir: C:\Users\denis\AppData\Roaming\PrismLauncher\instances\1.20.1\minecraft\CustomSkinLoader
[2025-06-14 15:16:53] [Render thread/INFO] [CustomSkinLoader Core]: Operating System: Windows 11 (amd64) version 10.0
[2025-06-14 15:16:53] [Render thread/INFO] [CustomSkinLoader Core]: Java Version: 17.0.15, Microsoft
[2025-06-14 15:16:53] [Render thread/INFO] [CustomSkinLoader Core]: Java VM Version: OpenJDK 64-Bit Server VM (mixed mode), Microsoft
[2025-06-14 15:16:54] [Render thread/INFO] [CustomSkinLoader Core]: Minecraft: 1.20.1
[2025-06-14 15:16:54] [Render thread/INFO] [CustomSkinLoader Core]: Config File: C:\Users\denis\AppData\Roaming\PrismLauncher\instances\1.20.1\minecraft\CustomSkinLoader\CustomSkinLoader.json
[2025-06-14 15:16:54] [Render thread/INFO] [CustomSkinLoader Core]: Try to load config.
[2025-06-14 15:16:54] [Render thread/INFO] [CustomSkinLoader Core]: Successfully load config.
[2025-06-14 15:16:54] [Render thread/INFO] [CustomSkinLoader Core]: Add a profile loader: MojangAPI
[2025-06-14 15:16:54] [Render thread/INFO] [CustomSkinLoader Core]: Add a profile loader: Legacy
[2025-06-14 15:16:54] [Render thread/INFO] [CustomSkinLoader Core]: Add a profile loader: CustomSkinAPI
[2025-06-14 15:16:54] [Render thread/INFO] [CustomSkinLoader Core]: Add a profile loader: CustomSKinAPIPlus
[2025-06-14 15:16:54] [Render thread/INFO] [CustomSkinLoader Core]: Add a profile loader: UniSkinAPI
[2025-06-14 15:16:54] [Render thread/INFO] [CustomSkinLoader Core]: Add a profile loader: ElyByAPI
[2025-06-14 15:16:54] [Render thread/INFO] [CustomSkinLoader Core]: Add a profile loader: GlitchlessAPI
[2025-06-14 15:16:54] [Render thread/INFO] [CustomSkinLoader Core]: Add a profile loader: MinecraftCapesAPI
[2025-06-14 15:16:54] [Render thread/INFO] [CustomSkinLoader Core]: Add a profile loader: WynntilsAPI
[2025-06-14 15:16:54] [Render thread/INFO] [CustomSkinLoader Core]: Successfully update config.
[2025-06-14 15:16:54] [Render thread/INFO] [CustomSkinLoader Core]: version : 14.23
[2025-06-14 15:16:54] [Render thread/INFO] [CustomSkinLoader Core]: buildNumber : 32
[2025-06-14 15:16:54] [Render thread/INFO] [CustomSkinLoader Core]: loadlist : [{ "name": "LocalSkin", "type": "Legacy", "checkPNG": "false", "skin": "LocalSkin/skins/{USERNAME}.png", "model": "auto", "cape": "LocalSkin/capes/{USERNAME}.png", "elytra": "LocalSkin/elytras/{USERNAME}.png" }, { "name": "Mojang", "type": "MojangAPI", "apiRoot": "https://api.mojang.com/", "sessionRoot": "https://sessionserver.mojang.com/" }, { "name": "LittleSkin", "type": "CustomSkinAPI", "root": "https://littleskin.cn/csl/" }, { "name": "BlessingSkin", "type": "CustomSkinAPI", "root": "https://skin.prinzeugen.net/" }, { "name": "ElyBy", "type": "ElyByAPI", "root": "http://skinsystem.ely.by/textures/" }, { "name": "SkinMe", "type": "UniSkinAPI", "root": "http://www.skinme.cc/uniskin/" }, { "name": "TLauncher", "type": "ElyByAPI", "root": "https://auth.tlauncher.org/skin/profile/texture/login/" }, { "name": "GlitchlessGames", "type": "GlitchlessAPI", "root": "https://games.glitchless.ru/api/minecraft/users/profiles/textures/?nickname=" }, { "name": "MinecraftCapes", "type": "MinecraftCapesAPI", "root": "https://api.minecraftcapes.net/profile/" }, { "name": "OptiFine", "type": "Legacy", "checkPNG": "false", "model": "auto", "cape": "https://optifine.net/capes/{USERNAME}.png" }, { "name": "Wynntils", "type": "WynntilsAPI", "root": "https://athena.wynntils.com/user/getInfo" }, { "name": "CloakPlus", "type": "Legacy", "checkPNG": "false", "model": "auto", "cape": "http://161.35.130.99/capes/{USERNAME}.png" }, { "name": "Cosmetica", "type": "Legacy", "checkPNG": "false", "model": "auto", "cape": "https://api.cosmetica.cc/get/cloak?username={USERNAME}&uuid={STANDARD_UUID}&nothirdparty" }]
[2025-06-14 15:16:54] [Render thread/INFO] [CustomSkinLoader Core]: enableDynamicSkull : true
[2025-06-14 15:16:54] [Render thread/INFO] [CustomSkinLoader Core]: enableTransparentSkin : true
[2025-06-14 15:16:54] [Render thread/INFO] [CustomSkinLoader Core]: forceLoadAllTextures : true
[2025-06-14 15:16:54] [Render thread/INFO] [CustomSkinLoader Core]: enableCape : true
[2025-06-14 15:16:54] [Render thread/INFO] [CustomSkinLoader Core]: threadPoolSize : 8
[2025-06-14 15:16:54] [Render thread/INFO] [CustomSkinLoader Core]: enableLogStdOut : false
[2025-06-14 15:16:54] [Render thread/INFO] [CustomSkinLoader Core]: cacheExpiry : 30
[2025-06-14 15:16:54] [Render thread/INFO] [CustomSkinLoader Core]: forceUpdateSkull : false
[2025-06-14 15:16:54] [Render thread/INFO] [CustomSkinLoader Core]: enableLocalProfileCache : false
[2025-06-14 15:16:54] [Render thread/INFO] [CustomSkinLoader Core]: enableCacheAutoClean : false
[2025-06-14 15:16:54] [Render thread/INFO] [CustomSkinLoader Core]: forceDisableCache : false
[2025-06-14 15:16:54] [o_Moldy_o/INFO] [CustomSkinLoader Core]: Loading o_Moldy_o's profile.
[2025-06-14 15:16:54] [o_Moldy_o/INFO] [CustomSkinLoader Core]: 1/13 Try to load profile from 'LocalSkin'.
[2025-06-14 15:16:54] [o_Moldy_o/INFO] [CustomSkinLoader Core]: 2/13 Try to load profile from 'Mojang'.
[2025-06-14 15:16:54] [o_Moldy_o/DEBUG] [CustomSkinLoader Core]: Try to request 'https://api.mojang.com/profiles/minecraft'.
[2025-06-14 15:16:54] [o_Moldy_o/INFO] [CustomSkinLoader Core]: Payload: ["o_Moldy_o"]
[2025-06-14 15:16:54] [o_Moldy_o/DEBUG] [CustomSkinLoader Core]: Successfully request (Response Code: 200 , Content Length: 3)
[2025-06-14 15:16:54] [o_Moldy_o/DEBUG] [CustomSkinLoader Core]: Content: [ ]
[2025-06-14 15:16:54] [o_Moldy_o/INFO] [CustomSkinLoader Core]: Profile not found.(o_Moldy_o's profile not found.)
[2025-06-14 15:16:54] [o_Moldy_o/INFO] [CustomSkinLoader Core]: 3/13 Try to load profile from 'LittleSkin'.
[2025-06-14 15:16:54] [o_Moldy_o/DEBUG] [CustomSkinLoader Core]: Try to request 'https://littleskin.cn/csl/o_Moldy_o.json'.
[2025-06-14 15:16:55] [o_Moldy_o/DEBUG] [CustomSkinLoader Core]: Successfully request (Response Code: 200 , Content Length: 2)
[2025-06-14 15:16:55] [o_Moldy_o/DEBUG] [CustomSkinLoader Core]: Saved to cache (Length: 2 , Path: 'C:\Users\denis\AppData\Roaming\PrismLauncher\instances\1.20.1\minecraft\CustomSkinLoader\caches\5d973ce62723c59afae4a03b794001e152f1c5ec' , Expire: 1749903506)
[2025-06-14 15:16:55] [o_Moldy_o/DEBUG] [CustomSkinLoader Core]: Content: {}
[2025-06-14 15:16:55] [o_Moldy_o/INFO] [CustomSkinLoader Core]: Both skin and cape not found.
[2025-06-14 15:16:55] [o_Moldy_o/INFO] [CustomSkinLoader Core]: 4/13 Try to load profile from 'BlessingSkin'.
[2025-06-14 15:16:55] [o_Moldy_o/DEBUG] [CustomSkinLoader Core]: Try to request 'https://skin.prinzeugen.net/o_Moldy_o.json'.
[2025-06-14 15:16:55] [o_Moldy_o/DEBUG] [CustomSkinLoader Core]: Failed to request (Response Code: 404)
[2025-06-14 15:16:55] [o_Moldy_o/INFO] [CustomSkinLoader Core]: Profile not found.
[2025-06-14 15:16:55] [o_Moldy_o/INFO] [CustomSkinLoader Core]: 5/13 Try to load profile from 'ElyBy'.
[2025-06-14 15:16:55] [o_Moldy_o/DEBUG] [CustomSkinLoader Core]: Try to request 'http://skinsystem.ely.by/textures/o_Moldy_o'.
[2025-06-14 15:16:55] [o_Moldy_o/DEBUG] [CustomSkinLoader Core]: Successfully request (Response Code: 204 , Content Length: -1)
[2025-06-14 15:16:55] [o_Moldy_o/DEBUG] [CustomSkinLoader Core]: Saved to cache (Length: 0 , Path: 'C:\Users\denis\AppData\Roaming\PrismLauncher\instances\1.20.1\minecraft\CustomSkinLoader\caches\6641cbd0fec630d7c884e6c1717af6b0d16ca6ec' , Expire: 1749907018)
[2025-06-14 15:16:55] [o_Moldy_o/DEBUG] [CustomSkinLoader Core]: Content: 
[2025-06-14 15:16:55] [o_Moldy_o/INFO] [CustomSkinLoader Core]: Profile not found.
[2025-06-14 15:16:55] [o_Moldy_o/INFO] [CustomSkinLoader Core]: 6/13 Try to load profile from 'SkinMe'.
[2025-06-14 15:16:55] [o_Moldy_o/DEBUG] [CustomSkinLoader Core]: Try to request 'http://www.skinme.cc/uniskin/o_Moldy_o.json'.
[2025-06-14 15:16:55] [o_Moldy_o/DEBUG] [CustomSkinLoader Core]: Failed to request http://www.skinme.cc/uniskin/o_Moldy_o.json (Exception: java.net.UnknownHostException: www.skinme.cc)
[2025-06-14 15:16:55] [o_Moldy_o/INFO] [CustomSkinLoader Core]: Profile not found.
[2025-06-14 15:16:55] [o_Moldy_o/INFO] [CustomSkinLoader Core]: 7/13 Try to load profile from 'TLauncher'.
[2025-06-14 15:16:55] [o_Moldy_o/DEBUG] [CustomSkinLoader Core]: Try to request 'https://auth.tlauncher.org/skin/profile/texture/login/o_Moldy_o'.
[2025-06-14 15:16:56] [o_Moldy_o/DEBUG] [CustomSkinLoader Core]: Successfully request (Response Code: 200 , Content Length: -1)
[2025-06-14 15:16:56] [o_Moldy_o/DEBUG] [CustomSkinLoader Core]: Saved to cache (Length: 114 , Path: 'C:\Users\denis\AppData\Roaming\PrismLauncher\instances\1.20.1\minecraft\CustomSkinLoader\caches\6d95362409a42d4e3c7e97e30f6b9a1fbed93dd9' , Expire: 1749903506)
[2025-06-14 15:16:56] [o_Moldy_o/DEBUG] [CustomSkinLoader Core]: Content: {"SKIN":{"url":"http://auth.tlauncher.org/skin/fileservice/skins/skin_o_moldy_o.png","metadata":{"model":"slim"}}}
[2025-06-14 15:16:56] [o_Moldy_o/INFO] [CustomSkinLoader Core]: 8/13 Try to load profile from 'GlitchlessGames'.
[2025-06-14 15:16:56] [o_Moldy_o/DEBUG] [CustomSkinLoader Core]: Try to request 'https://games.glitchless.ru/api/minecraft/users/profiles/textures/?nickname=o_Moldy_o'.
[2025-06-14 15:16:56] [o_Moldy_o/DEBUG] [CustomSkinLoader Core]: Failed to request (Response Code: 404)
[2025-06-14 15:16:56] [o_Moldy_o/INFO] [CustomSkinLoader Core]: Profile not found.
[2025-06-14 15:16:56] [o_Moldy_o/INFO] [CustomSkinLoader Core]: 9/13 Try to load profile from 'MinecraftCapes'.
[2025-06-14 15:16:56] [o_Moldy_o/DEBUG] [CustomSkinLoader Core]: Try to request 'https://api.mojang.com/profiles/minecraft'.
[2025-06-14 15:16:56] [o_Moldy_o/INFO] [CustomSkinLoader Core]: Payload: ["o_Moldy_o"]
[2025-06-14 15:16:56] [o_Moldy_o/DEBUG] [CustomSkinLoader Core]: Successfully request (Response Code: 200 , Content Length: 3)
[2025-06-14 15:16:56] [o_Moldy_o/DEBUG] [CustomSkinLoader Core]: Content: [ ]
[2025-06-14 15:16:56] [o_Moldy_o/INFO] [CustomSkinLoader Core]: Profile url not found.
[2025-06-14 15:16:56] [o_Moldy_o/INFO] [CustomSkinLoader Core]: 10/13 Try to load profile from 'OptiFine'.
[2025-06-14 15:16:56] [o_Moldy_o/DEBUG] [CustomSkinLoader Core]: Try to request 'https://optifine.net/capes/o_Moldy_o.png'.
[2025-06-14 15:16:57] [o_Moldy_o/DEBUG] [CustomSkinLoader Core]: Failed to request (Response Code: 404)
[2025-06-14 15:16:57] [o_Moldy_o/INFO] [CustomSkinLoader Core]: No texture could be found.
[2025-06-14 15:16:57] [o_Moldy_o/INFO] [CustomSkinLoader Core]: 11/13 Try to load profile from 'Wynntils'.
[2025-06-14 15:16:57] [o_Moldy_o/DEBUG] [CustomSkinLoader Core]: Try to request 'https://api.mojang.com/profiles/minecraft'.
[2025-06-14 15:16:57] [o_Moldy_o/INFO] [CustomSkinLoader Core]: Payload: ["o_Moldy_o"]
[2025-06-14 15:16:57] [o_Moldy_o/DEBUG] [CustomSkinLoader Core]: Successfully request (Response Code: 200 , Content Length: 3)
[2025-06-14 15:16:57] [o_Moldy_o/DEBUG] [CustomSkinLoader Core]: Content: [ ]
[2025-06-14 15:16:57] [o_Moldy_o/INFO] [CustomSkinLoader Core]: Profile not found.
[2025-06-14 15:16:57] [o_Moldy_o/INFO] [CustomSkinLoader Core]: 12/13 Try to load profile from 'CloakPlus'.
[2025-06-14 15:16:57] [o_Moldy_o/DEBUG] [CustomSkinLoader Core]: Try to request 'http://161.35.130.99/capes/o_Moldy_o.png'.
[2025-06-14 15:16:57] [o_Moldy_o/DEBUG] [CustomSkinLoader Core]: Failed to request (Response Code: 404)
[2025-06-14 15:16:57] [o_Moldy_o/INFO] [CustomSkinLoader Core]: No texture could be found.
[2025-06-14 15:16:57] [o_Moldy_o/INFO] [CustomSkinLoader Core]: 13/13 Try to load profile from 'Cosmetica'.
[2025-06-14 15:16:57] [o_Moldy_o/DEBUG] [CustomSkinLoader Core]: Try to request 'https://api.mojang.com/profiles/minecraft'.
[2025-06-14 15:16:57] [o_Moldy_o/INFO] [CustomSkinLoader Core]: Payload: ["o_Moldy_o"]
[2025-06-14 15:16:58] [o_Moldy_o/DEBUG] [CustomSkinLoader Core]: Successfully request (Response Code: 200 , Content Length: 3)
[2025-06-14 15:16:58] [o_Moldy_o/DEBUG] [CustomSkinLoader Core]: Content: [ ]
[2025-06-14 15:16:58] [o_Moldy_o/INFO] [CustomSkinLoader Core]: No texture could be found.
[2025-06-14 15:16:58] [o_Moldy_o/INFO] [CustomSkinLoader Core]: o_Moldy_o's profile loaded.
[2025-06-14 15:16:58] [o_Moldy_o/INFO] [CustomSkinLoader Core]: (SkinUrl: (LOCAL_LEGACY)284e82d209f4cd26c22c79979ab0a75c142d068b,LocalSkin/skins/o_Moldy_o.png , Model: auto , CapeUrl: null  , Expiry: 1749903448)
